app/build/outputs/logs/manifest-merger-debug-report.txt
-- Merging decision tree log ---
manifest
ADDED from src/main/AndroidManifest.xml:2:1-64:12
	xmlns:android
		ADDED from src/main/AndroidManifest.xml:2:11-69
	package
		ADDED from src/main/AndroidManifest.xml:3:5-38
		INJECTED from src/main/AndroidManifest.xml
		INJECTED from src/main/AndroidManifest.xml
	android:versionName
		ADDED from src/main/AndroidManifest.xml:5:5-43
	android:versionCode
		ADDED from src/main/AndroidManifest.xml:4:5-29
		INJECTED from src/main/AndroidManifest.xml
		INJECTED from src/main/AndroidManifest.xml
uses-sdk
ADDED from src/main/AndroidManifest.xml:7:5-9:41
	android:targetSdkVersion
		ADDED from src/main/AndroidManifest.xml:9:9-38
		INJECTED from src/main/AndroidManifest.xml
		INJECTED from src/main/AndroidManifest.xml
	android:minSdkVersion
		ADDED from src/main/AndroidManifest.xml:8:9-35
		INJECTED from src/main/AndroidManifest.xml
		INJECTED from src/main/AndroidManifest.xml
application
ADDED from src/main/AndroidManifest.xml:12:5-57:19
	android:label
		ADDED from src/main/AndroidManifest.xml:15:9-41
	android:icon
		ADDED from src/main/AndroidManifest.xml:14:9-45
	android:name
		ADDED from src/main/AndroidManifest.xml:13:9-65
activity#com.sensibility_testbed.ScriptActivity
ADDED from src/main/AndroidManifest.xml:16:9-31:20
	android:configChanges
		ADDED from src/main/AndroidManifest.xml:18:13-74
	android:theme
		ADDED from src/main/AndroidManifest.xml:20:13-55
	android:name
		ADDED from src/main/AndroidManifest.xml:17:13-66
	android:launchMode
		ADDED from src/main/AndroidManifest.xml:19:13-43
intent-filter#android.intent.action.MAIN+android.intent.category.LAUNCHER
ADDED from src/main/AndroidManifest.xml:21:13-25:29
action#android.intent.action.MAIN
ADDED from src/main/AndroidManifest.xml:22:17-69
	android:name
		ADDED from src/main/AndroidManifest.xml:22:25-66
category#android.intent.category.LAUNCHER
ADDED from src/main/AndroidManifest.xml:24:17-77
	android:name
		ADDED from src/main/AndroidManifest.xml:24:27-74
intent-filter#android.intent.category.DEFAULT+com.googlecode.android_scripting.action.ACTION_LAUNCH_FOR_RESULT
ADDED from src/main/AndroidManifest.xml:26:13-30:29
action#com.googlecode.android_scripting.action.ACTION_LAUNCH_FOR_RESULT
ADDED from src/main/AndroidManifest.xml:27:17-107
	android:name
		ADDED from src/main/AndroidManifest.xml:27:25-104
category#android.intent.category.DEFAULT
ADDED from src/main/AndroidManifest.xml:29:17-76
	android:name
		ADDED from src/main/AndroidManifest.xml:29:27-73
service#com.sensibility_testbed.ScriptService
ADDED from src/main/AndroidManifest.xml:33:9-73
	android:name
		ADDED from src/main/AndroidManifest.xml:33:18-70
service#com.sensibility_testbed.InstallerService
ADDED from src/main/AndroidManifest.xml:34:9-76
	android:name
		ADDED from src/main/AndroidManifest.xml:34:18-73
service#com.sensibility_testbed.AutostartService
ADDED from src/main/AndroidManifest.xml:35:9-76
	android:name
		ADDED from src/main/AndroidManifest.xml:35:18-73
activity#com.googlecode.android_scripting.activity.FutureActivity
ADDED from src/main/AndroidManifest.xml:37:9-40:64
	android:configChanges
		ADDED from src/main/AndroidManifest.xml:39:13-63
	android:theme
		ADDED from src/main/AndroidManifest.xml:40:13-61
	android:name
		ADDED from src/main/AndroidManifest.xml:38:13-84
receiver#com.sensibility_testbed.AutostartListener
ADDED from src/main/AndroidManifest.xml:42:9-46:20
	android:name
		ADDED from src/main/AndroidManifest.xml:42:19-75
intent-filter#android.intent.action.BOOT_COMPLETED
ADDED from src/main/AndroidManifest.xml:43:13-45:29
action#android.intent.action.BOOT_COMPLETED
ADDED from src/main/AndroidManifest.xml:44:17-79
	android:name
		ADDED from src/main/AndroidManifest.xml:44:25-76
receiver#com.sensibility_testbed.ReferralReceiver
ADDED from src/main/AndroidManifest.xml:47:9-56:20
	android:exported
		ADDED from src/main/AndroidManifest.xml:49:13-36
	android:name
		ADDED from src/main/AndroidManifest.xml:48:13-68
intent-filter#com.android.vending.INSTALL_REFERRER
ADDED from src/main/AndroidManifest.xml:51:13-55:29
action#com.android.vending.INSTALL_REFERRER
ADDED from src/main/AndroidManifest.xml:53:17-79
	android:name
		ADDED from src/main/AndroidManifest.xml:53:25-76
uses-permission#android.permission.INTERNET
ADDED from src/main/AndroidManifest.xml:59:5-67
	android:name
		ADDED from src/main/AndroidManifest.xml:59:22-64
uses-permission#android.permission.RECEIVE_BOOT_COMPLETED
ADDED from src/main/AndroidManifest.xml:60:5-81
	android:name
		ADDED from src/main/AndroidManifest.xml:60:22-78
uses-permission#android.permission.WRITE_EXTERNAL_STORAGE
ADDED from src/main/AndroidManifest.xml:61:5-81
	android:name
		ADDED from src/main/AndroidManifest.xml:61:22-78
uses-permission#android.permission.ACCESS_NETWORK_STATE
ADDED from src/main/AndroidManifest.xml:62:5-79
	android:name
		ADDED from src/main/AndroidManifest.xml:62:22-76